<?xml version="1.0" encoding="UTF-8"?>
<!-- Generated by org.testng.reporters.JUnitReportReporter -->
<testsuite skipped="0" hostname="Admin" name="testNGpractice.ParalelTestExecution1" tests="3" failures="0" timestamp="2020-11-16T21:11:59 IST" time="0.000" errors="0">
  <testcase name="AddProduct" time="0.000" classname="testNGpractice.ParalelTestExecution1"/>
  <system-out/>
  <testcase name="AddVendor" time="0.000" classname="testNGpractice.ParalelTestExecution1"/>
  <system-out/>
  <testcase name="SearchProduct" time="0.000" classname="testNGpractice.ParalelTestExecution1"/>
  <system-out/>
</testsuite> <!-- testNGpractice.ParalelTestExecution1 -->
