<?xml version="1.0" encoding="UTF-8"?>
<!-- Generated by org.testng.reporters.JUnitReportReporter -->
<testsuite skipped="0" hostname="Admin" name="testNGpractice.ParallelTestExecution2" tests="3" failures="0" timestamp="2020-11-16T21:11:59 IST" time="0.013" errors="0">
  <testcase name="DeleteProduct" time="0.000" classname="testNGpractice.ParallelTestExecution2"/>
  <system-out/>
  <testcase name="DeleteVendor" time="0.008" classname="testNGpractice.ParallelTestExecution2"/>
  <system-out/>
  <testcase name="DeleteSearch" time="0.005" classname="testNGpractice.ParallelTestExecution2"/>
  <system-out/>
</testsuite> <!-- testNGpractice.ParallelTestExecution2 -->
